Using pre-set license
Built from '2021.1/release' branch; Version is '2021.1.0b12 (5f97ac28ace0) revision 6264748'; Using compiler version '192528614'; Build Type 'Release'
OS: 'Windows 10 Pro; OS build 19044.1706; Version 2009; 64bit' Language: 'es' Physical Memory: 10187 MB
BatchMode: 1, IsHumanControllingUs: 0, StartBugReporterOnCrash: 0, Is64bit: 1, IsPro: 0

 COMMAND LINE ARGUMENTS:
C:\Program Files\Unity\Hub\Editor\2021.1.0b12\Editor\Unity.exe
-adb2
-batchMode
-noUpm
-name
AssetImportWorker0
-projectPath
C:/Users/Brian Le贸n/Documents/ProyectosUnity/AnimacionPersonaje
-logFile
Logs/AssetImportWorker0.log
-srvPort
52870
Successfully changed project path to: C:/Users/Brian Le贸n/Documents/ProyectosUnity/AnimacionPersonaje
C:/Users/Brian Le贸n/Documents/ProyectosUnity/AnimacionPersonaje
Using Asset Import Pipeline V2.
Refreshing native plugins compatible for Editor in 115.62 ms, found 1 plugins.
Preloading 0 native plugins for Editor in 0.00 ms.
Initialize engine version: 2021.1.0b12 (5f97ac28ace0)
[Subsystems] Discovering subsystems at path C:/Program Files/Unity/Hub/Editor/2021.1.0b12/Editor/Data/Resources/UnitySubsystems
[Subsystems] Discovering subsystems at path C:/Users/Brian Le贸n/Documents/ProyectosUnity/AnimacionPersonaje/Assets
GfxDevice: creating device client; threaded=0; jobified=0
Direct3D:
    Version:  Direct3D 11.0 [level 11.1]
    Renderer: AMD Radeon(TM) Vega 8 Graphics (ID=0x15d8)
    Vendor:   ATI
    VRAM:     5093 MB
    Driver:   27.20.11044.5003
Initialize mono
Mono path[0] = 'C:/Program Files/Unity/Hub/Editor/2021.1.0b12/Editor/Data/Managed'
Mono path[1] = 'C:/Program Files/Unity/Hub/Editor/2021.1.0b12/Editor/Data/MonoBleedingEdge/lib/mono/unityjit'
Mono config path = 'C:/Program Files/Unity/Hub/Editor/2021.1.0b12/Editor/Data/MonoBleedingEdge/etc'
Using monoOptions --debugger-agent=transport=dt_socket,embedding=1,server=y,suspend=n,address=127.0.0.1:56732
Begin MonoManager ReloadAssembly
Registering precompiled unity dll's ...
Register platform support module: C:/Program Files/Unity/Hub/Editor/2021.1.0b12/Editor/Data/PlaybackEngines/WindowsStandaloneSupport/UnityEditor.WindowsStandalone.Extensions.dll
Registered in 0.003496 seconds.
Native extension for WindowsStandalone target not found
Refreshing native plugins compatible for Editor in 117.28 ms, found 1 plugins.
Preloading 0 native plugins for Editor in 0.00 ms.
Mono: successfully reloaded assembly
- Completed reload, in  2.203 seconds
Platform modules already initialized, skipping
Registering precompiled user dll's ...
Registered in 0.004234 seconds.
Begin MonoManager ReloadAssembly
Native extension for WindowsStandalone target not found
Refreshing native plugins compatible for Editor in 0.94 ms, found 1 plugins.
Preloading 0 native plugins for Editor in 0.00 ms.
Mono: successfully reloaded assembly
- Completed reload, in  1.628 seconds
Platform modules already initialized, skipping
========================================================================
Worker process is ready to serve import requests
Launched and connected shader compiler UnityShaderCompiler.exe after 0.08 seconds
Refreshing native plugins compatible for Editor in 1.07 ms, found 1 plugins.
Preloading 0 native plugins for Editor in 0.00 ms.
Unloading 2664 Unused Serialized files (Serialized files now loaded: 0)
System memory in use before: 97.9 MB.
System memory in use after: 98.1 MB.

Unloading 15 unused Assets to reduce memory usage. Loaded Objects now: 3115.
Total: 4.544100 ms (FindLiveObjects: 0.546100 ms CreateObjectMapping: 0.418300 ms MarkObjects: 3.454000 ms  DeleteObjects: 0.122600 ms)

========================================================================
Received Import Request.
  path: Assets/Personaje
  artifactKey: Guid(21b187b4ba7185148afe57ae1f40a065) Importer(815301076,1909f56bfc062723c751e8b465ee728b)
Start importing Assets/Personaje using Guid(21b187b4ba7185148afe57ae1f40a065) Importer(815301076,1909f56bfc062723c751e8b465ee728b)  -> (artifact id: 'cf9853229af50134ab97923edd91d490') in 0.017211 seconds 
========================================================================
Received Import Request.
  Time since last request: 38.860256 seconds.
  path: Assets/Personaje/lpMale_rig_tpose.fbx
  artifactKey: Guid(d079020d8028f884e97496b42c5e13ea) Importer(815301076,1909f56bfc062723c751e8b465ee728b)
Start importing Assets/Personaje/lpMale_rig_tpose.fbx using Guid(d079020d8028f884e97496b42c5e13ea) Importer(815301076,1909f56bfc062723c751e8b465ee728b)  -> (artifact id: '94e95af53783ade84fada28faf35210f') in 0.554163 seconds 
========================================================================
Received Import Request.
  Time since last request: 0.000340 seconds.
  path: Assets/Personaje/lpMale_rig_tpose@Idle.fbx
  artifactKey: Guid(9f0e549162d4d5940944ae8e0463ae19) Importer(815301076,1909f56bfc062723c751e8b465ee728b)
Start importing Assets/Personaje/lpMale_rig_tpose@Idle.fbx using Guid(9f0e549162d4d5940944ae8e0463ae19) Importer(815301076,1909f56bfc062723c751e8b465ee728b)  -> (artifact id: '27b45310ba6cc1a3febf0fb7af88e106') in 0.052752 seconds 
========================================================================
Received Import Request.
  Time since last request: 0.000325 seconds.
  path: Assets/Personaje/lpMale_rig_tpose@Left Strafe.fbx
  artifactKey: Guid(c61a41a430b416340b55560e6a3c1fde) Importer(815301076,1909f56bfc062723c751e8b465ee728b)
Start importing Assets/Personaje/lpMale_rig_tpose@Left Strafe.fbx using Guid(c61a41a430b416340b55560e6a3c1fde) Importer(815301076,1909f56bfc062723c751e8b465ee728b)  -> (artifact id: '56bc131a1d8c7f35cf177970aaa58685') in 0.055431 seconds 
========================================================================
Received Import Request.
  Time since last request: 0.000332 seconds.
  path: Assets/Personaje/lpMale_rig_tpose@Slow Run.fbx
  artifactKey: Guid(4d67075fc4e6d9740998b77cfcbcb87b) Importer(815301076,1909f56bfc062723c751e8b465ee728b)
Start importing Assets/Personaje/lpMale_rig_tpose@Slow Run.fbx using Guid(4d67075fc4e6d9740998b77cfcbcb87b) Importer(815301076,1909f56bfc062723c751e8b465ee728b)  -> (artifact id: '4a48856a74705e3669b11a4faf4125d8') in 0.048322 seconds 
========================================================================
Received Import Request.
  Time since last request: 41.921481 seconds.
  path: Assets/Personaje/lpMale_rig_tpose.fbx
  artifactKey: Guid(d079020d8028f884e97496b42c5e13ea) Importer(815301076,1909f56bfc062723c751e8b465ee728b)
Start importing Assets/Personaje/lpMale_rig_tpose.fbx using Guid(d079020d8028f884e97496b42c5e13ea) Importer(815301076,1909f56bfc062723c751e8b465ee728b)  -> (artifact id: '788552842b9f8701326774eee3b7370b') in 0.083003 seconds 
========================================================================
Received Import Request.
  Time since last request: 0.000701 seconds.
  path: Assets/Personaje/lpMale_rig_tpose@Idle.fbx
  artifactKey: Guid(9f0e549162d4d5940944ae8e0463ae19) Importer(815301076,1909f56bfc062723c751e8b465ee728b)
Start importing Assets/Personaje/lpMale_rig_tpose@Idle.fbx using Guid(9f0e549162d4d5940944ae8e0463ae19) Importer(815301076,1909f56bfc062723c751e8b465ee728b)  -> (artifact id: 'f258f2805741305ca4c718010699af68') in 0.078290 seconds 
========================================================================
Received Import Request.
  Time since last request: 0.000530 seconds.
  path: Assets/Personaje/lpMale_rig_tpose@Left Strafe.fbx
  artifactKey: Guid(c61a41a430b416340b55560e6a3c1fde) Importer(815301076,1909f56bfc062723c751e8b465ee728b)
Start importing Assets/Personaje/lpMale_rig_tpose@Left Strafe.fbx using Guid(c61a41a430b416340b55560e6a3c1fde) Importer(815301076,1909f56bfc062723c751e8b465ee728b)  -> (artifact id: '832bb2512849f8c4bb48f11ab9b1a2e6') in 0.103922 seconds 
========================================================================
Received Import Request.
  Time since last request: 0.000369 seconds.
  path: Assets/Personaje/lpMale_rig_tpose@Slow Run.fbx
  artifactKey: Guid(4d67075fc4e6d9740998b77cfcbcb87b) Importer(815301076,1909f56bfc062723c751e8b465ee728b)
Start importing Assets/Personaje/lpMale_rig_tpose@Slow Run.fbx using Guid(4d67075fc4e6d9740998b77cfcbcb87b) Importer(815301076,1909f56bfc062723c751e8b465ee728b)  -> (artifact id: '3bec590690335726d9b3ce5ac432888d') in 0.080864 seconds 
========================================================================
Received Import Request.
  Time since last request: 47.972315 seconds.
  path: Assets/Personaje/lpMale_rig_tpose@Idle.fbx
  artifactKey: Guid(9f0e549162d4d5940944ae8e0463ae19) Importer(815301076,1909f56bfc062723c751e8b465ee728b)
Start importing Assets/Personaje/lpMale_rig_tpose@Idle.fbx using Guid(9f0e549162d4d5940944ae8e0463ae19) Importer(815301076,1909f56bfc062723c751e8b465ee728b)  -> (artifact id: '74a5181eb643048b75f092403ae4d25f') in 0.086069 seconds 
========================================================================
Received Import Request.
  Time since last request: 0.000321 seconds.
  path: Assets/Personaje/lpMale_rig_tpose@Left Strafe.fbx
  artifactKey: Guid(c61a41a430b416340b55560e6a3c1fde) Importer(815301076,1909f56bfc062723c751e8b465ee728b)
Start importing Assets/Personaje/lpMale_rig_tpose@Left Strafe.fbx using Guid(c61a41a430b416340b55560e6a3c1fde) Importer(815301076,1909f56bfc062723c751e8b465ee728b)  -> (artifact id: '6b283ec0f2df584bbdcaa3ed0b7bec69') in 0.073951 seconds 
========================================================================
Received Import Request.
  Time since last request: 0.000310 seconds.
  path: Assets/Personaje/lpMale_rig_tpose@Slow Run.fbx
  artifactKey: Guid(4d67075fc4e6d9740998b77cfcbcb87b) Importer(815301076,1909f56bfc062723c751e8b465ee728b)
Start importing Assets/Personaje/lpMale_rig_tpose@Slow Run.fbx using Guid(4d67075fc4e6d9740998b77cfcbcb87b) Importer(815301076,1909f56bfc062723c751e8b465ee728b)  -> (artifact id: 'b73d1cba69eb8e5296cb41e80c13de11') in 0.076788 seconds 
========================================================================
Received Import Request.
  Time since last request: 43.194859 seconds.
  path: Assets/Personaje/lpMale_rig_tpose@Idle.fbx
  artifactKey: Guid(9f0e549162d4d5940944ae8e0463ae19) Importer(815301076,1909f56bfc062723c751e8b465ee728b)
Start importing Assets/Personaje/lpMale_rig_tpose@Idle.fbx using Guid(9f0e549162d4d5940944ae8e0463ae19) Importer(815301076,1909f56bfc062723c751e8b465ee728b)  -> (artifact id: 'dd77700dfdb2c835aa1c0bf1cec1674b') in 0.075851 seconds 
========================================================================
Received Import Request.
  Time since last request: 46.498041 seconds.
  path: Assets/Personaje/lpMale_rig_tpose@Left Strafe.fbx
  artifactKey: Guid(c61a41a430b416340b55560e6a3c1fde) Importer(815301076,1909f56bfc062723c751e8b465ee728b)
Start importing Assets/Personaje/lpMale_rig_tpose@Left Strafe.fbx using Guid(c61a41a430b416340b55560e6a3c1fde) Importer(815301076,1909f56bfc062723c751e8b465ee728b)  -> (artifact id: '8c1bf109b73682f477e158f2ef213454') in 0.047977 seconds 
========================================================================
Received Import Request.
  Time since last request: 24.215560 seconds.
  path: Assets/Personaje/lpMale_rig_tpose@Slow Run.fbx
  artifactKey: Guid(4d67075fc4e6d9740998b77cfcbcb87b) Importer(815301076,1909f56bfc062723c751e8b465ee728b)
Start importing Assets/Personaje/lpMale_rig_tpose@Slow Run.fbx using Guid(4d67075fc4e6d9740998b77cfcbcb87b) Importer(815301076,1909f56bfc062723c751e8b465ee728b)  -> (artifact id: '14d9961caaf5eae9649c829f00de876d') in 0.081866 seconds 
========================================================================
Received Import Request.
  Time since last request: 33.132915 seconds.
  path: Assets/Materiales
  artifactKey: Guid(8e5cd134cb46fe64b96d9d272bcd8449) Importer(815301076,1909f56bfc062723c751e8b465ee728b)
Start importing Assets/Materiales using Guid(8e5cd134cb46fe64b96d9d272bcd8449) Importer(815301076,1909f56bfc062723c751e8b465ee728b)  -> (artifact id: '7dc6a188da95e11196bbf17ee07e08f2') in 0.013012 seconds 
========================================================================
Received Import Request.
  Time since last request: 15.874045 seconds.
  path: Assets/Materiales/MAterial_1.mat
  artifactKey: Guid(d1c64df0322d3784ab252e8f886a92bc) Importer(815301076,1909f56bfc062723c751e8b465ee728b)
Start importing Assets/Materiales/MAterial_1.mat using Guid(d1c64df0322d3784ab252e8f886a92bc) Importer(815301076,1909f56bfc062723c751e8b465ee728b)  -> (artifact id: '35d0f328b38b46a225f1ea79182dc10b') in 0.045667 seconds 
========================================================================
Received Import Request.
  Time since last request: 452.693414 seconds.
  path: Assets/Codigos
  artifactKey: Guid(78022268a52af8b4b9fde97d8aff6d6a) Importer(815301076,1909f56bfc062723c751e8b465ee728b)
Start importing Assets/Codigos using Guid(78022268a52af8b4b9fde97d8aff6d6a) Importer(815301076,1909f56bfc062723c751e8b465ee728b)  -> (artifact id: '0973c93658b663ed50803d0ac8c53921') in 0.011031 seconds 
========================================================================
Received Import Request.
  Time since last request: 10.314812 seconds.
  path: Assets/Codigos/LogicaPersonaje1.cs
  artifactKey: Guid(d1b72984ec6eeb44da3d620fd3e23f32) Importer(815301076,1909f56bfc062723c751e8b465ee728b)
Start importing Assets/Codigos/LogicaPersonaje1.cs using Guid(d1b72984ec6eeb44da3d620fd3e23f32) Importer(815301076,1909f56bfc062723c751e8b465ee728b)  -> (artifact id: 'e66c66b2149222723f92493b46a18421') in 0.022019 seconds 
========================================================================
Received Prepare
Registering precompiled user dll's ...
Registered in 0.006049 seconds.
Begin MonoManager ReloadAssembly
Native extension for WindowsStandalone target not found
Refreshing native plugins compatible for Editor in 0.82 ms, found 1 plugins.
Preloading 0 native plugins for Editor in 0.00 ms.
Mono: successfully reloaded assembly
- Completed reload, in  1.911 seconds
Platform modules already initialized, skipping
Refreshing native plugins compatible for Editor in 2.13 ms, found 1 plugins.
Preloading 0 native plugins for Editor in 0.00 ms.
Unloading 2660 Unused Serialized files (Serialized files now loaded: 0)
System memory in use before: 115.9 MB.
System memory in use after: 116.1 MB.

Unloading 10 unused Assets to reduce memory usage. Loaded Objects now: 3163.
Total: 6.943400 ms (FindLiveObjects: 1.904500 ms CreateObjectMapping: 0.633600 ms MarkObjects: 4.308700 ms  DeleteObjects: 0.089500 ms)

========================================================================
Received Prepare
Registering precompiled user dll's ...
Registered in 0.008357 seconds.
Begin MonoManager ReloadAssembly
Native extension for WindowsStandalone target not found
Refreshing native plugins compatible for Editor in 1.33 ms, found 1 plugins.
Preloading 0 native plugins for Editor in 0.00 ms.
Mono: successfully reloaded assembly
- Completed reload, in  1.784 seconds
Platform modules already initialized, skipping
Refreshing native plugins compatible for Editor in 0.67 ms, found 1 plugins.
Preloading 0 native plugins for Editor in 0.00 ms.
Unloading 2660 Unused Serialized files (Serialized files now loaded: 0)
System memory in use before: 115.9 MB.
System memory in use after: 116.1 MB.

Unloading 10 unused Assets to reduce memory usage. Loaded Objects now: 3166.
Total: 5.497300 ms (FindLiveObjects: 1.311300 ms CreateObjectMapping: 0.405800 ms MarkObjects: 3.640200 ms  DeleteObjects: 0.136000 ms)

========================================================================
Received Import Request.
  Time since last request: 1940.786454 seconds.
  path: Assets/Codigos/LogicaPersonaje1.cs
  artifactKey: Guid(d1b72984ec6eeb44da3d620fd3e23f32) Importer(815301076,1909f56bfc062723c751e8b465ee728b)
Start importing Assets/Codigos/LogicaPersonaje1.cs using Guid(d1b72984ec6eeb44da3d620fd3e23f32) Importer(815301076,1909f56bfc062723c751e8b465ee728b)  -> (artifact id: 'cad0b5a75fe2d03c00a91b0d29efa199') in 0.011458 seconds 
========================================================================
Received Prepare
Registering precompiled user dll's ...
Registered in 0.006244 seconds.
Begin MonoManager ReloadAssembly
Native extension for WindowsStandalone target not found
Refreshing native plugins compatible for Editor in 1.16 ms, found 1 plugins.
Preloading 0 native plugins for Editor in 0.00 ms.
Mono: successfully reloaded assembly
- Completed reload, in  1.397 seconds
Platform modules already initialized, skipping
Refreshing native plugins compatible for Editor in 0.65 ms, found 1 plugins.
Preloading 0 native plugins for Editor in 0.00 ms.
Unloading 2660 Unused Serialized files (Serialized files now loaded: 0)
System memory in use before: 116.0 MB.
System memory in use after: 116.2 MB.

Unloading 10 unused Assets to reduce memory usage. Loaded Objects now: 3169.
Total: 3.546000 ms (FindLiveObjects: 0.324400 ms CreateObjectMapping: 0.096100 ms MarkObjects: 3.049400 ms  DeleteObjects: 0.073800 ms)

========================================================================
Received Prepare
Registering precompiled user dll's ...
Registered in 0.006202 seconds.
Begin MonoManager ReloadAssembly
Native extension for WindowsStandalone target not found
Refreshing native plugins compatible for Editor in 0.67 ms, found 1 plugins.
Preloading 0 native plugins for Editor in 0.00 ms.
Mono: successfully reloaded assembly
- Completed reload, in  1.458 seconds
Platform modules already initialized, skipping
Refreshing native plugins compatible for Editor in 0.72 ms, found 1 plugins.
Preloading 0 native plugins for Editor in 0.00 ms.
Unloading 2660 Unused Serialized files (Serialized files now loaded: 0)
System memory in use before: 116.0 MB.
System memory in use after: 116.2 MB.

Unloading 10 unused Assets to reduce memory usage. Loaded Objects now: 3172.
Total: 4.135900 ms (FindLiveObjects: 0.464500 ms CreateObjectMapping: 0.229000 ms MarkObjects: 3.354400 ms  DeleteObjects: 0.085700 ms)

========================================================================
Received Prepare
Registering precompiled user dll's ...
Registered in 0.008721 seconds.
Begin MonoManager ReloadAssembly
Native extension for WindowsStandalone target not found
Refreshing native plugins compatible for Editor in 1.01 ms, found 1 plugins.
Preloading 0 native plugins for Editor in 0.00 ms.
Mono: successfully reloaded assembly
- Completed reload, in  1.669 seconds
Platform modules already initialized, skipping
Refreshing native plugins compatible for Editor in 0.66 ms, found 1 plugins.
Preloading 0 native plugins for Editor in 0.00 ms.
Unloading 2660 Unused Serialized files (Serialized files now loaded: 0)
System memory in use before: 116.0 MB.
System memory in use after: 116.2 MB.

Unloading 10 unused Assets to reduce memory usage. Loaded Objects now: 3175.
Total: 3.251500 ms (FindLiveObjects: 0.328000 ms CreateObjectMapping: 0.123400 ms MarkObjects: 2.729100 ms  DeleteObjects: 0.069200 ms)

========================================================================
Received Import Request.
  Time since last request: 476.440287 seconds.
  path: Assets/Personaje/Animaciones
  artifactKey: Guid(dcd9fb8de3327594f856e17810a9d200) Importer(815301076,1909f56bfc062723c751e8b465ee728b)
Start importing Assets/Personaje/Animaciones using Guid(dcd9fb8de3327594f856e17810a9d200) Importer(815301076,1909f56bfc062723c751e8b465ee728b)  -> (artifact id: '7a324e460d50ba07cbba0e8c8dc80a1a') in 0.020083 seconds 
========================================================================
Received Import Request.
  Time since last request: 13.500308 seconds.
  path: Assets/Personaje/Animaciones/ControladorPersonaje_1.controller
  artifactKey: Guid(2f2961481a16dda44bdc5cbe8421c919) Importer(815301076,1909f56bfc062723c751e8b465ee728b)
Start importing Assets/Personaje/Animaciones/ControladorPersonaje_1.controller using Guid(2f2961481a16dda44bdc5cbe8421c919) Importer(815301076,1909f56bfc062723c751e8b465ee728b)  -> (artifact id: 'ded7d26c73d2d04b93981f9d2dec679d') in 0.032696 seconds 
========================================================================
Received Import Request.
  Time since last request: 254.810807 seconds.
  path: Assets/Personaje/Left Strafe.anim
  artifactKey: Guid(fb89e72dc073b4249ba22b745acef15e) Importer(815301076,1909f56bfc062723c751e8b465ee728b)
Start importing Assets/Personaje/Left Strafe.anim using Guid(fb89e72dc073b4249ba22b745acef15e) Importer(815301076,1909f56bfc062723c751e8b465ee728b)  -> (artifact id: '60267d91d2b976a46fa26c9f40cdf524') in 0.022327 seconds 
========================================================================
Received Import Request.
  Time since last request: 10.541867 seconds.
  path: Assets/Personaje/Slow Run.anim
  artifactKey: Guid(cd702520a38dfd948a6ca18c87c4ce9e) Importer(815301076,1909f56bfc062723c751e8b465ee728b)
Start importing Assets/Personaje/Slow Run.anim using Guid(cd702520a38dfd948a6ca18c87c4ce9e) Importer(815301076,1909f56bfc062723c751e8b465ee728b)  -> (artifact id: '344b99eeb050edbba342e833ab4676bb') in 0.019153 seconds 
========================================================================
Received Import Request.
  Time since last request: 5.541931 seconds.
  path: Assets/Personaje/Idle.anim
  artifactKey: Guid(722dfe57508d1af4cb8bfca298bf623e) Importer(815301076,1909f56bfc062723c751e8b465ee728b)
Start importing Assets/Personaje/Idle.anim using Guid(722dfe57508d1af4cb8bfca298bf623e) Importer(815301076,1909f56bfc062723c751e8b465ee728b)  -> (artifact id: 'afdfb8b53a1826d502fd29e3bc655fbc') in 0.016672 seconds 
========================================================================
Received Prepare
Registering precompiled user dll's ...
Registered in 0.006228 seconds.
Begin MonoManager ReloadAssembly
Native extension for WindowsStandalone target not found
Refreshing native plugins compatible for Editor in 0.69 ms, found 1 plugins.
Preloading 0 native plugins for Editor in 0.00 ms.
Mono: successfully reloaded assembly
- Completed reload, in  1.454 seconds
Platform modules already initialized, skipping
Refreshing native plugins compatible for Editor in 1.36 ms, found 1 plugins.
Preloading 0 native plugins for Editor in 0.00 ms.
Unloading 2660 Unused Serialized files (Serialized files now loaded: 0)
System memory in use before: 116.0 MB.
System memory in use after: 116.2 MB.

Unloading 10 unused Assets to reduce memory usage. Loaded Objects now: 3178.
Total: 4.780900 ms (FindLiveObjects: 0.510100 ms CreateObjectMapping: 0.410400 ms MarkObjects: 3.774700 ms  DeleteObjects: 0.083500 ms)

========================================================================
Received Prepare
Registering precompiled user dll's ...
Registered in 0.006986 seconds.
Begin MonoManager ReloadAssembly
Native extension for WindowsStandalone target not found
Refreshing native plugins compatible for Editor in 0.70 ms, found 1 plugins.
Preloading 0 native plugins for Editor in 0.00 ms.
Mono: successfully reloaded assembly
- Completed reload, in  1.373 seconds
Platform modules already initialized, skipping
Refreshing native plugins compatible for Editor in 0.67 ms, found 1 plugins.
Preloading 0 native plugins for Editor in 0.00 ms.
Unloading 2660 Unused Serialized files (Serialized files now loaded: 0)
System memory in use before: 116.1 MB.
System memory in use after: 116.3 MB.

Unloading 10 unused Assets to reduce memory usage. Loaded Objects now: 3181.
Total: 3.277900 ms (FindLiveObjects: 0.399100 ms CreateObjectMapping: 0.130900 ms MarkObjects: 2.669000 ms  DeleteObjects: 0.077600 ms)

========================================================================
Received Prepare
Registering precompiled user dll's ...
Registered in 0.004750 seconds.
Begin MonoManager ReloadAssembly
Native extension for WindowsStandalone target not found
Refreshing native plugins compatible for Editor in 0.65 ms, found 1 plugins.
Preloading 0 native plugins for Editor in 0.00 ms.
Mono: successfully reloaded assembly
- Completed reload, in  1.281 seconds
Platform modules already initialized, skipping
Refreshing native plugins compatible for Editor in 0.66 ms, found 1 plugins.
Preloading 0 native plugins for Editor in 0.00 ms.
Unloading 2660 Unused Serialized files (Serialized files now loaded: 0)
System memory in use before: 116.1 MB.
System memory in use after: 116.3 MB.

Unloading 10 unused Assets to reduce memory usage. Loaded Objects now: 3184.
Total: 3.292900 ms (FindLiveObjects: 0.329300 ms CreateObjectMapping: 0.107000 ms MarkObjects: 2.781200 ms  DeleteObjects: 0.073700 ms)

========================================================================
Received Import Request.
  Time since last request: 514.326343 seconds.
  path: Assets/Personaje/mixamo.com.anim
  artifactKey: Guid(4e0bd269b15ab764785fd2b35a93362d) Importer(815301076,1909f56bfc062723c751e8b465ee728b)
Start importing Assets/Personaje/mixamo.com.anim using Guid(4e0bd269b15ab764785fd2b35a93362d) Importer(815301076,1909f56bfc062723c751e8b465ee728b)  -> (artifact id: '5cc1e08385dd31906c7a73ca56908f79') in 0.029318 seconds 
========================================================================
Received Prepare
Registering precompiled user dll's ...
Registered in 0.004535 seconds.
Begin MonoManager ReloadAssembly
Native extension for WindowsStandalone target not found
Refreshing native plugins compatible for Editor in 0.90 ms, found 1 plugins.
Preloading 0 native plugins for Editor in 0.00 ms.
Mono: successfully reloaded assembly
- Completed reload, in  1.324 seconds
Platform modules already initialized, skipping
Refreshing native plugins compatible for Editor in 0.64 ms, found 1 plugins.
Preloading 0 native plugins for Editor in 0.00 ms.
Unloading 2660 Unused Serialized files (Serialized files now loaded: 0)
System memory in use before: 116.1 MB.
System memory in use after: 116.3 MB.

Unloading 10 unused Assets to reduce memory usage. Loaded Objects now: 3187.
Total: 2.910400 ms (FindLiveObjects: 0.325700 ms CreateObjectMapping: 0.092400 ms MarkObjects: 2.419400 ms  DeleteObjects: 0.071500 ms)

========================================================================
Received Import Request.
  Time since last request: 90.647005 seconds.
  path: Assets/Personaje/Animaciones/Idle.anim
  artifactKey: Guid(4e0bd269b15ab764785fd2b35a93362d) Importer(815301076,1909f56bfc062723c751e8b465ee728b)
Start importing Assets/Personaje/Animaciones/Idle.anim using Guid(4e0bd269b15ab764785fd2b35a93362d) Importer(815301076,1909f56bfc062723c751e8b465ee728b)  -> (artifact id: '944a55caf3b2f7d4158028c2940f9f6d') in 0.028794 seconds 
========================================================================
Received Import Request.
  Time since last request: 8.473418 seconds.
  path: Assets/Personaje/mixamo.com.anim
  artifactKey: Guid(28dd679873d1d454896f5a968e3717f7) Importer(815301076,1909f56bfc062723c751e8b465ee728b)
Start importing Assets/Personaje/mixamo.com.anim using Guid(28dd679873d1d454896f5a968e3717f7) Importer(815301076,1909f56bfc062723c751e8b465ee728b)  -> (artifact id: '681141611a14ac4838ec4b8a328aa0b4') in 0.016736 seconds 
========================================================================
Received Import Request.
  Time since last request: 30.590132 seconds.
  path: Assets/Personaje/Animaciones/Left Strafe.anim
  artifactKey: Guid(28dd679873d1d454896f5a968e3717f7) Importer(815301076,1909f56bfc062723c751e8b465ee728b)
Start importing Assets/Personaje/Animaciones/Left Strafe.anim using Guid(28dd679873d1d454896f5a968e3717f7) Importer(815301076,1909f56bfc062723c751e8b465ee728b)  -> (artifact id: 'b86641dffa7db36765b31847c7d16da8') in 0.015833 seconds 
========================================================================
Received Import Request.
  Time since last request: 14.626569 seconds.
  path: Assets/Personaje/mixamo.com.anim
  artifactKey: Guid(25f6a0afbdc1632488fad686af280ac6) Importer(815301076,1909f56bfc062723c751e8b465ee728b)
Start importing Assets/Personaje/mixamo.com.anim using Guid(25f6a0afbdc1632488fad686af280ac6) Importer(815301076,1909f56bfc062723c751e8b465ee728b)  -> (artifact id: 'fb996c673d97bb60c84908df58ccf5e6') in 0.017970 seconds 
========================================================================
Received Import Request.
  Time since last request: 6.053503 seconds.
  path: Assets/Personaje/Animaciones/Slow Run.anim
  artifactKey: Guid(25f6a0afbdc1632488fad686af280ac6) Importer(815301076,1909f56bfc062723c751e8b465ee728b)
Start importing Assets/Personaje/Animaciones/Slow Run.anim using Guid(25f6a0afbdc1632488fad686af280ac6) Importer(815301076,1909f56bfc062723c751e8b465ee728b)  -> (artifact id: 'f0f7f895a440627e3ac754b5f37c23f5') in 0.017359 seconds 
========================================================================
Received Prepare
Registering precompiled user dll's ...
Registered in 0.005512 seconds.
Begin MonoManager ReloadAssembly
Native extension for WindowsStandalone target not found
Refreshing native plugins compatible for Editor in 0.65 ms, found 1 plugins.
Preloading 0 native plugins for Editor in 0.00 ms.
Mono: successfully reloaded assembly
- Completed reload, in  1.286 seconds
Platform modules already initialized, skipping
Refreshing native plugins compatible for Editor in 0.67 ms, found 1 plugins.
Preloading 0 native plugins for Editor in 0.00 ms.
Unloading 2660 Unused Serialized files (Serialized files now loaded: 0)
System memory in use before: 116.1 MB.
System memory in use after: 116.3 MB.

Unloading 10 unused Assets to reduce memory usage. Loaded Objects now: 3190.
Total: 2.883900 ms (FindLiveObjects: 0.330100 ms CreateObjectMapping: 0.094400 ms MarkObjects: 2.387500 ms  DeleteObjects: 0.070600 ms)

========================================================================
Received Prepare
Registering precompiled user dll's ...
Registered in 0.005071 seconds.
Begin MonoManager ReloadAssembly
Native extension for WindowsStandalone target not found
Refreshing native plugins compatible for Editor in 0.70 ms, found 1 plugins.
Preloading 0 native plugins for Editor in 0.00 ms.
Mono: successfully reloaded assembly
- Completed reload, in  1.318 seconds
Platform modules already initialized, skipping
Refreshing native plugins compatible for Editor in 0.74 ms, found 1 plugins.
Preloading 0 native plugins for Editor in 0.00 ms.
Unloading 2660 Unused Serialized files (Serialized files now loaded: 0)
System memory in use before: 116.1 MB.
System memory in use after: 116.3 MB.

Unloading 10 unused Assets to reduce memory usage. Loaded Objects now: 3193.
Total: 3.217700 ms (FindLiveObjects: 0.486300 ms CreateObjectMapping: 0.221900 ms MarkObjects: 2.437100 ms  DeleteObjects: 0.070200 ms)

========================================================================
Received Import Request.
  Time since last request: 457.008499 seconds.
  path: Assets/Personaje/Animaciones/ControladorPersonaje_1.controller
  artifactKey: Guid(2f2961481a16dda44bdc5cbe8421c919) Importer(815301076,1909f56bfc062723c751e8b465ee728b)
Start importing Assets/Personaje/Animaciones/ControladorPersonaje_1.controller using Guid(2f2961481a16dda44bdc5cbe8421c919) Importer(815301076,1909f56bfc062723c751e8b465ee728b)  -> (artifact id: '6c9a88b40af900fcbc3b5ae3234c8e2b') in 0.052608 seconds 
========================================================================
Received Import Request.
  Time since last request: 331.746428 seconds.
  path: Assets/Personaje/Animaciones/Idle.anim
  artifactKey: Guid(4e0bd269b15ab764785fd2b35a93362d) Importer(815301076,1909f56bfc062723c751e8b465ee728b)
Start importing Assets/Personaje/Animaciones/Idle.anim using Guid(4e0bd269b15ab764785fd2b35a93362d) Importer(815301076,1909f56bfc062723c751e8b465ee728b)  -> (artifact id: '4a4b2d14bc4aacdec6703fa894537a86') in 0.020089 seconds 
========================================================================
Received Import Request.
  Time since last request: 3.546736 seconds.
  path: Assets/Personaje/Animaciones/Left Strafe.anim
  artifactKey: Guid(28dd679873d1d454896f5a968e3717f7) Importer(815301076,1909f56bfc062723c751e8b465ee728b)
Start importing Assets/Personaje/Animaciones/Left Strafe.anim using Guid(28dd679873d1d454896f5a968e3717f7) Importer(815301076,1909f56bfc062723c751e8b465ee728b)  -> (artifact id: '62bd3ebbf85ad2f2c157586f56333730') in 0.024451 seconds 
========================================================================
Received Import Request.
  Time since last request: 3.245099 seconds.
  path: Assets/Personaje/Animaciones/Slow Run.anim
  artifactKey: Guid(25f6a0afbdc1632488fad686af280ac6) Importer(815301076,1909f56bfc062723c751e8b465ee728b)
Start importing Assets/Personaje/Animaciones/Slow Run.anim using Guid(25f6a0afbdc1632488fad686af280ac6) Importer(815301076,1909f56bfc062723c751e8b465ee728b)  -> (artifact id: 'ab9e94bfaf2dc93cfc320d7cda716b80') in 0.021213 seconds 
========================================================================
Received Prepare
Registering precompiled user dll's ...
Registered in 0.004334 seconds.
Begin MonoManager ReloadAssembly
Native extension for WindowsStandalone target not found
Refreshing native plugins compatible for Editor in 0.75 ms, found 1 plugins.
Preloading 0 native plugins for Editor in 0.00 ms.
Mono: successfully reloaded assembly
- Completed reload, in  1.691 seconds
Platform modules already initialized, skipping
Refreshing native plugins compatible for Editor in 0.72 ms, found 1 plugins.
Preloading 0 native plugins for Editor in 0.00 ms.
Unloading 2660 Unused Serialized files (Serialized files now loaded: 0)
System memory in use before: 116.1 MB.
System memory in use after: 116.3 MB.

Unloading 10 unused Assets to reduce memory usage. Loaded Objects now: 3196.
Total: 6.934500 ms (FindLiveObjects: 0.431700 ms CreateObjectMapping: 0.187000 ms MarkObjects: 6.220200 ms  DeleteObjects: 0.092900 ms)

========================================================================
Received Prepare
Registering precompiled user dll's ...
Registered in 0.010396 seconds.
Begin MonoManager ReloadAssembly
Native extension for WindowsStandalone target not found
Refreshing native plugins compatible for Editor in 1.31 ms, found 1 plugins.
Preloading 0 native plugins for Editor in 0.00 ms.
Mono: successfully reloaded assembly
- Completed reload, in  2.546 seconds
Platform modules already initialized, skipping
Refreshing native plugins compatible for Editor in 0.90 ms, found 1 plugins.
Preloading 0 native plugins for Editor in 0.00 ms.
Unloading 2660 Unused Serialized files (Serialized files now loaded: 0)
System memory in use before: 116.1 MB.
System memory in use after: 116.3 MB.

Unloading 10 unused Assets to reduce memory usage. Loaded Objects now: 3199.
Total: 4.093100 ms (FindLiveObjects: 0.400600 ms CreateObjectMapping: 0.187300 ms MarkObjects: 3.418600 ms  DeleteObjects: 0.084400 ms)

========================================================================
Received Prepare
Registering precompiled user dll's ...
Registered in 0.007144 seconds.
Begin MonoManager ReloadAssembly
Native extension for WindowsStandalone target not found
Refreshing native plugins compatible for Editor in 0.71 ms, found 1 plugins.
Preloading 0 native plugins for Editor in 0.00 ms.
Mono: successfully reloaded assembly
- Completed reload, in  1.833 seconds
Platform modules already initialized, skipping
Refreshing native plugins compatible for Editor in 0.76 ms, found 1 plugins.
Preloading 0 native plugins for Editor in 0.00 ms.
Unloading 2660 Unused Serialized files (Serialized files now loaded: 0)
System memory in use before: 116.1 MB.
System memory in use after: 116.3 MB.

Unloading 10 unused Assets to reduce memory usage. Loaded Objects now: 3202.
Total: 7.801700 ms (FindLiveObjects: 0.397100 ms CreateObjectMapping: 0.167600 ms MarkObjects: 7.134600 ms  DeleteObjects: 0.100500 ms)

========================================================================
Received Import Request.
  Time since last request: 499.362455 seconds.
  path: Assets/Personaje/lpMale_rig_tpose@Running.fbx
  artifactKey: Guid(61f0721df59deca41b737f7d3fb6f3ec) Importer(815301076,1909f56bfc062723c751e8b465ee728b)
Start importing Assets/Personaje/lpMale_rig_tpose@Running.fbx using Guid(61f0721df59deca41b737f7d3fb6f3ec) Importer(815301076,1909f56bfc062723c751e8b465ee728b)  -> (artifact id: '106682a9d11cc1bf3041eccb6fa87a48') in 0.261390 seconds 
========================================================================
Received Import Request.
  Time since last request: 6.020180 seconds.
  path: Assets/Personaje/mixamo.com.anim
  artifactKey: Guid(d78009ffc812a1d40b06c4836a2e794b) Importer(815301076,1909f56bfc062723c751e8b465ee728b)
Start importing Assets/Personaje/mixamo.com.anim using Guid(d78009ffc812a1d40b06c4836a2e794b) Importer(815301076,1909f56bfc062723c751e8b465ee728b)  -> (artifact id: '7f1c2b6bfddcabec791d8c3b09013fea') in 0.015247 seconds 
========================================================================
Received Prepare
Registering precompiled user dll's ...
Registered in 0.004064 seconds.
Begin MonoManager ReloadAssembly
Native extension for WindowsStandalone target not found
Refreshing native plugins compatible for Editor in 0.97 ms, found 1 plugins.
Preloading 0 native plugins for Editor in 0.00 ms.
Mono: successfully reloaded assembly
- Completed reload, in  1.904 seconds
Platform modules already initialized, skipping
Refreshing native plugins compatible for Editor in 0.91 ms, found 1 plugins.
Preloading 0 native plugins for Editor in 0.00 ms.
Unloading 2660 Unused Serialized files (Serialized files now loaded: 0)
System memory in use before: 116.1 MB.
System memory in use after: 116.3 MB.

Unloading 10 unused Assets to reduce memory usage. Loaded Objects now: 3206.
Total: 5.982400 ms (FindLiveObjects: 0.610000 ms CreateObjectMapping: 0.413100 ms MarkObjects: 4.839500 ms  DeleteObjects: 0.117000 ms)

========================================================================
Received Prepare
Registering precompiled user dll's ...
Registered in 0.011817 seconds.
Begin MonoManager ReloadAssembly
Native extension for WindowsStandalone target not found
Refreshing native plugins compatible for Editor in 1.43 ms, found 1 plugins.
Preloading 0 native plugins for Editor in 0.00 ms.
Mono: successfully reloaded assembly
- Completed reload, in  3.257 seconds
Platform modules already initialized, skipping
Refreshing native plugins compatible for Editor in 2.11 ms, found 1 plugins.
Preloading 0 native plugins for Editor in 0.00 ms.
Unloading 2660 Unused Serialized files (Serialized files now loaded: 0)
System memory in use before: 116.1 MB.
System memory in use after: 116.3 MB.

Unloading 10 unused Assets to reduce memory usage. Loaded Objects now: 3209.
Total: 8.044200 ms (FindLiveObjects: 0.917200 ms CreateObjectMapping: 0.283000 ms MarkObjects: 6.662300 ms  DeleteObjects: 0.176900 ms)

========================================================================
Received Import Request.
  Time since last request: 479.840380 seconds.
  path: Assets/Personaje/lpMale_rig_tpose@Run.fbx
  artifactKey: Guid(c2da900853902d34696a659442bab988) Importer(815301076,1909f56bfc062723c751e8b465ee728b)
Start importing Assets/Personaje/lpMale_rig_tpose@Run.fbx using Guid(c2da900853902d34696a659442bab988) Importer(815301076,1909f56bfc062723c751e8b465ee728b)  -> (artifact id: '6b7973b6d94cbb19584e347c60082686') in 0.408123 seconds 
========================================================================
Received Import Request.
  Time since last request: 5.608113 seconds.
  path: Assets/Personaje/Run.anim
  artifactKey: Guid(0520b0a4fac8bc549894d774437d4a3a) Importer(815301076,1909f56bfc062723c751e8b465ee728b)
Start importing Assets/Personaje/Run.anim using Guid(0520b0a4fac8bc549894d774437d4a3a) Importer(815301076,1909f56bfc062723c751e8b465ee728b)  -> (artifact id: 'd791dfe0db32836a5d82bab6f35a60f1') in 0.023679 seconds 
========================================================================
Received Prepare
Registering precompiled user dll's ...
Registered in 0.005234 seconds.
Begin MonoManager ReloadAssembly
Native extension for WindowsStandalone target not found
Refreshing native plugins compatible for Editor in 1.09 ms, found 1 plugins.
Preloading 0 native plugins for Editor in 0.00 ms.
Mono: successfully reloaded assembly
- Completed reload, in  2.326 seconds
Platform modules already initialized, skipping
Refreshing native plugins compatible for Editor in 1.28 ms, found 1 plugins.
Preloading 0 native plugins for Editor in 0.00 ms.
Unloading 2660 Unused Serialized files (Serialized files now loaded: 0)
System memory in use before: 116.1 MB.
System memory in use after: 116.3 MB.

Unloading 10 unused Assets to reduce memory usage. Loaded Objects now: 3213.
Total: 5.161800 ms (FindLiveObjects: 0.471700 ms CreateObjectMapping: 0.174700 ms MarkObjects: 4.414100 ms  DeleteObjects: 0.099100 ms)

========================================================================
Received Import Request.
  Time since last request: 64.893774 seconds.
  path: Assets/Personaje/mixamo.com.anim
  artifactKey: Guid(9c78d236270bbdb47a3c6825923ec9d3) Importer(815301076,1909f56bfc062723c751e8b465ee728b)
Start importing Assets/Personaje/mixamo.com.anim using Guid(9c78d236270bbdb47a3c6825923ec9d3) Importer(815301076,1909f56bfc062723c751e8b465ee728b)  -> (artifact id: '3916a6f1ace6736daa0db10c5e187c2b') in 0.045090 seconds 
========================================================================
Received Prepare
Registering precompiled user dll's ...
Registered in 0.006352 seconds.
Begin MonoManager ReloadAssembly
Native extension for WindowsStandalone target not found
Refreshing native plugins compatible for Editor in 1.80 ms, found 1 plugins.
Preloading 0 native plugins for Editor in 0.00 ms.
Mono: successfully reloaded assembly
- Completed reload, in  3.008 seconds
Platform modules already initialized, skipping
Refreshing native plugins compatible for Editor in 1.90 ms, found 1 plugins.
Preloading 0 native plugins for Editor in 0.00 ms.
Unloading 2660 Unused Serialized files (Serialized files now loaded: 0)
System memory in use before: 116.1 MB.
System memory in use after: 116.3 MB.

Unloading 10 unused Assets to reduce memory usage. Loaded Objects now: 3216.
Total: 8.531800 ms (FindLiveObjects: 1.110800 ms CreateObjectMapping: 0.408300 ms MarkObjects: 6.865600 ms  DeleteObjects: 0.142000 ms)

========================================================================
Received Import Request.
  Time since last request: 363.444777 seconds.
  path: Assets/Personaje/Personaje2
  artifactKey: Guid(505dd66a7cbaf9f4589a91e0a14424eb) Importer(815301076,1909f56bfc062723c751e8b465ee728b)
Start importing Assets/Personaje/Personaje2 using Guid(505dd66a7cbaf9f4589a91e0a14424eb) Importer(815301076,1909f56bfc062723c751e8b465ee728b)  -> (artifact id: 'bb1f7181029694aba32003d5c08b86b6') in 0.024897 seconds 
========================================================================
Received Import Request.
  Time since last request: 17.408376 seconds.
  path: Assets/Personaje/Personaje2/Ch24_nonPBR.fbx
  artifactKey: Guid(2be2dd23742e14147a503b8ca18bd613) Importer(815301076,1909f56bfc062723c751e8b465ee728b)
Start importing Assets/Personaje/Personaje2/Ch24_nonPBR.fbx using Guid(2be2dd23742e14147a503b8ca18bd613) Importer(815301076,1909f56bfc062723c751e8b465ee728b)  -> (artifact id: '60766bbd55f29ebbdb4581e13094be26') in 0.766055 seconds 
========================================================================
Received Prepare
Registering precompiled user dll's ...
Registered in 0.008231 seconds.
Begin MonoManager ReloadAssembly
Native extension for WindowsStandalone target not found
Refreshing native plugins compatible for Editor in 1.14 ms, found 1 plugins.
Preloading 0 native plugins for Editor in 0.00 ms.
Mono: successfully reloaded assembly
- Completed reload, in  1.886 seconds
Platform modules already initialized, skipping
Refreshing native plugins compatible for Editor in 0.73 ms, found 1 plugins.
Preloading 0 native plugins for Editor in 0.00 ms.
Unloading 2660 Unused Serialized files (Serialized files now loaded: 0)
System memory in use before: 116.2 MB.
System memory in use after: 116.4 MB.

Unloading 10 unused Assets to reduce memory usage. Loaded Objects now: 3220.
Total: 5.835000 ms (FindLiveObjects: 0.878700 ms CreateObjectMapping: 0.177600 ms MarkObjects: 4.654400 ms  DeleteObjects: 0.120900 ms)

========================================================================
Received Import Request.
  Time since last request: 139.832685 seconds.
  path: Assets/Personaje/lpMale_rig_tpose.fbx
  artifactKey: Guid(d079020d8028f884e97496b42c5e13ea) Importer(815301076,1909f56bfc062723c751e8b465ee728b)
Start importing Assets/Personaje/lpMale_rig_tpose.fbx using Guid(d079020d8028f884e97496b42c5e13ea) Importer(815301076,1909f56bfc062723c751e8b465ee728b)  -> (artifact id: '8bbc8f86e9cbd806179b95c6a26b46a5') in 0.270734 seconds 
========================================================================
Received Import Request.
  Time since last request: 15.215159 seconds.
  path: Assets/Personaje/Personaje2/Ch24_nonPBR@Run.fbx
  artifactKey: Guid(8c882ef46fea4f54996d86b96d27e58e) Importer(815301076,1909f56bfc062723c751e8b465ee728b)
Start importing Assets/Personaje/Personaje2/Ch24_nonPBR@Run.fbx using Guid(8c882ef46fea4f54996d86b96d27e58e) Importer(815301076,1909f56bfc062723c751e8b465ee728b)  -> (artifact id: '516ceeae8adb80e637e644c13845cdbc') in 0.090963 seconds 
AssetImportWorkerClient::OnTransportError - code=2 error=End of file
